<?xml version="1.0" encoding="UTF-8"?>
<!-- Generated by org.testng.reporters.JUnitReportReporter -->
<testsuite hostname="LAPTOP-6OACLVLF" failures="0" tests="2" name="com.app.TestCases.AppLoginTest" time="11.860" errors="0" timestamp="2021-03-15T18:57:27 IST" skipped="0">
  <testcase classname="com.app.TestCases.AppLoginTest" name="verifyinvalidlogin" time="4.001"/>
  <system-out/>
  <testcase classname="com.app.TestCases.AppLoginTest" name="verifyvalidlogin" time="7.859"/>
  <system-out/>
</testsuite> <!-- com.app.TestCases.AppLoginTest -->
